TN:
SF:src/Bridge.sol
DA:166,11
FN:166,Bridge.whenNotPaused
FNDA:11,Bridge.whenNotPaused
DA:167,11
BRDA:167,0,0,1
BRDA:167,0,1,278
DA:181,127
FN:181,Bridge.constructor
FNDA:127,Bridge.constructor
DA:182,127
DA:183,127
DA:184,127
DA:185,127
DA:187,127
DA:198,127
FN:198,Bridge.initialize
FNDA:127,Bridge.initialize
DA:205,122
DA:208,122
DA:209,93
DA:213,122
DA:219,29
FN:219,Bridge.getRoot
FNDA:29,Bridge.getRoot
DA:220,29
DA:226,535
FN:226,Bridge.getLastOutgoingNonce
FNDA:535,Bridge.getLastOutgoingNonce
DA:227,535
DA:238,4
FN:238,Bridge.generateProof
FNDA:4,Bridge.generateProof
DA:239,4
DA:247,1
FN:247,Bridge.getPredictedTwinAddress
FNDA:1,Bridge.getPredictedTwinAddress
DA:248,1
DA:261,6
FN:261,Bridge.deposits
FNDA:6,Bridge.deposits
DA:262,6
DA:271,8
FN:271,Bridge.scalars
FNDA:8,Bridge.scalars
DA:272,8
DA:278,279
FN:278,Bridge.bridgeCall
FNDA:279,Bridge.bridgeCall
DA:279,278
DA:289,11
FN:289,Bridge.bridgeToken
FNDA:11,Bridge.bridgeToken
DA:292,10
DA:293,10
DA:296,8
DA:306,3518
FN:306,Bridge.relayMessages
FNDA:3518,Bridge.relayMessages
DA:311,3518
DA:312,3515
BRDA:312,1,0,3515
DA:313,3515
BRDA:313,2,0,5
BRDA:313,2,1,3508
DA:316,3511
DA:317,3515
DA:318,3515
DA:325,6
FN:325,Bridge.pauseSwitch
FNDA:6,Bridge.pauseSwitch
DA:326,5
DA:327,5
DA:336,3516
FN:336,Bridge.__validateAndRelay
FNDA:3516,Bridge.__validateAndRelay
DA:338,3516
DA:341,3515
DA:344,3515
BRDA:344,3,0,1
BRDA:344,3,1,3514
DA:347,3512
BRDA:347,4,0,3512
BRDA:347,4,1,1
DA:348,3512
BRDA:348,5,0,1
BRDA:348,5,1,3511
DA:349,3511
DA:351,3511
BRDA:351,6,0,1
BRDA:351,6,1,3510
DA:353,2
BRDA:353,7,0,1
BRDA:353,7,1,1
DA:358,3511
DA:359,3511
BRDA:359,8,0,3511
DA:361,3500
DA:362,3500
DA:364,3500
DA:365,11
BRDA:365,8,1,11
DA:367,11
DA:368,11
DA:371,11
BRDA:371,9,0,1
DA:372,1
DA:383,3512
FN:383,Bridge.__relayMessage
FNDA:3512,Bridge.__relayMessage
DA:384,3512
DA:390,3511
BRDA:390,10,0,19
DA:391,19
DA:392,15
DA:393,15
DA:395,15
DA:400,15
DA:404,3492
DA:405,3492
BRDA:405,11,0,272
DA:406,272
DA:410,270
DA:413,3490
BRDA:413,12,0,3485
BRDA:413,12,1,1
DA:414,3485
DA:415,3485
DA:416,5
BRDA:416,13,0,4
BRDA:416,13,1,1
DA:417,4
DA:418,1
DA:419,1
BRDA:419,14,0,1
DA:420,1
DA:421,1
DA:422,1
DA:429,6
FN:429,Bridge.setISMThreshold
FNDA:6,Bridge.setISMThreshold
DA:430,5
DA:436,3
FN:436,Bridge.addISMValidator
FNDA:3,Bridge.addISMValidator
DA:437,3
DA:443,3
FN:443,Bridge.removeISMValidator
FNDA:3,Bridge.removeISMValidator
DA:444,3
DA:450,3
FN:450,Bridge.getISMThreshold
FNDA:3,Bridge.getISMThreshold
DA:451,3
DA:457,4
FN:457,Bridge.getISMValidatorCount
FNDA:4,Bridge.getISMValidatorCount
DA:458,4
DA:465,11
FN:465,Bridge.isISMValidator
FNDA:11,Bridge.isISMValidator
DA:466,11
DA:476,7600
FN:476,Bridge._useTransientReentrancyGuardOnlyOnMainnet
FNDA:7600,Bridge._useTransientReentrancyGuardOnlyOnMainnet
DA:477,7600
DA:485,7028
FN:485,Bridge._assertSenderIsEntrypoint
FNDA:7028,Bridge._assertSenderIsEntrypoint
DA:486,7028
BRDA:486,15,0,2
BRDA:486,15,1,7026
FNF:23
FNH:23
LF:98
LH:98
BRF:27
BRH:27
end_of_record
TN:
SF:src/CrossChainERC20.sol
DA:68,797
FN:68,CrossChainERC20.onlyBridge
FNDA:797,CrossChainERC20.onlyBridge
DA:69,797
BRDA:69,0,0,261
BRDA:69,0,1,268
DA:80,126
FN:80,CrossChainERC20.constructor
FNDA:126,CrossChainERC20.constructor
DA:81,126
DA:82,126
DA:91,1598
FN:91,CrossChainERC20.initialize
FNDA:1598,CrossChainERC20.initialize
DA:95,1598
DA:96,1598
DA:97,1598
DA:98,1598
DA:104,3
FN:104,CrossChainERC20.bridge
FNDA:3,CrossChainERC20.bridge
DA:105,3
DA:111,5
FN:111,CrossChainERC20.remoteToken
FNDA:5,CrossChainERC20.remoteToken
DA:112,5
DA:118,3
FN:118,CrossChainERC20.name
FNDA:3,CrossChainERC20.name
DA:119,3
DA:125,3
FN:125,CrossChainERC20.symbol
FNDA:3,CrossChainERC20.symbol
DA:126,3
DA:132,3
FN:132,CrossChainERC20.decimals
FNDA:3,CrossChainERC20.decimals
DA:133,3
DA:142,797
FN:142,CrossChainERC20.mint
FNDA:797,CrossChainERC20.mint
DA:143,536
BRDA:143,1,0,1
BRDA:143,1,1,535
DA:145,535
DA:146,535
DA:155,529
FN:155,CrossChainERC20.burn
FNDA:529,CrossChainERC20.burn
DA:156,268
BRDA:156,2,0,1
BRDA:156,2,1,267
DA:158,267
DA:159,266
FNF:10
FNH:10
LF:28
LH:28
BRF:6
BRH:6
end_of_record
TN:
SF:src/CrossChainERC20Factory.sol
DA:47,127
FN:47,CrossChainERC20Factory.constructor
FNDA:127,CrossChainERC20Factory.constructor
DA:48,127
DA:64,2099
FN:64,CrossChainERC20Factory.deploy
FNDA:2099,CrossChainERC20Factory.deploy
DA:68,2099
DA:69,2099
DA:72,1598
DA:79,1598
DA:81,1598
DA:83,1598
FNF:2
FNH:2
LF:9
LH:9
BRF:0
BRH:0
end_of_record
TN:
SF:src/Twin.sol
DA:25,145
FN:25,Twin.constructor
FNDA:145,Twin.constructor
DA:26,145
DA:34,3757
FN:34,Twin.execute
FNDA:3757,Twin.execute
DA:35,3757
BRDA:35,0,0,2
DA:36,3755
FNF:2
FNH:2
LF:5
LH:5
BRF:1
BRH:1
end_of_record
TN:
SF:src/libraries/CallLib.sol
DA:38,3772
FN:38,CallLib.execute
FNDA:3772,CallLib.execute
DA:39,3772
BRDA:39,0,0,3756
BRDA:39,0,1,5
DA:40,3756
DA:42,3756
BRDA:42,1,0,3
DA:43,3
DA:45,16
BRDA:45,2,0,5
BRDA:45,2,1,5
DA:46,5
BRDA:46,3,0,2
DA:48,3
DA:49,3
BRDA:49,4,0,-
DA:50,0
DA:52,11
BRDA:52,5,0,5
BRDA:52,5,1,5
DA:53,5
DA:54,5
DA:56,5
DA:57,5
BRDA:57,6,0,-
DA:59,6
BRDA:59,7,0,6
DA:60,6
DA:61,6
DA:63,6
DA:64,6
BRDA:64,8,0,1
FNF:1
FNH:1
LF:20
LH:19
BRF:12
BRH:10
end_of_record
TN:
SF:src/libraries/ISMVerificationLib.sol
DA:92,3666
FN:92,ISMVerificationLib.getISMVerificationLibStorage
FNDA:3666,ISMVerificationLib.getISMVerificationLibStorage
DA:94,3666
DA:102,122
FN:102,ISMVerificationLib.initialize
FNDA:122,ISMVerificationLib.initialize
DA:103,122
DA:105,122
BRDA:105,0,0,-
BRDA:105,0,1,122
DA:107,122
DA:108,395
BRDA:108,1,0,-
BRDA:108,1,1,395
DA:109,395
BRDA:109,2,0,-
BRDA:109,2,1,395
DA:110,395
DA:112,122
DA:113,122
DA:119,5
FN:119,ISMVerificationLib.setThreshold
FNDA:5,ISMVerificationLib.setThreshold
DA:120,5
DA:121,5
BRDA:121,3,0,2
BRDA:121,3,1,3
DA:123,3
DA:125,3
DA:131,3
FN:131,ISMVerificationLib.addValidator
FNDA:3,ISMVerificationLib.addValidator
DA:132,3
DA:133,3
BRDA:133,4,0,1
BRDA:133,4,1,2
DA:134,2
BRDA:134,5,0,1
BRDA:134,5,1,1
DA:136,1
DA:139,1
DA:142,1
DA:148,3
FN:148,ISMVerificationLib.removeValidator
FNDA:3,ISMVerificationLib.removeValidator
DA:149,3
DA:150,3
BRDA:150,6,0,1
BRDA:150,6,1,2
DA:151,2
BRDA:151,7,0,1
BRDA:151,7,1,1
DA:153,1
DA:156,1
DA:159,1
DA:168,3515
FN:168,ISMVerificationLib.isApproved
FNDA:3515,ISMVerificationLib.isApproved
DA:169,3515
DA:172,3515
BRDA:172,8,0,2
BRDA:172,8,1,3513
DA:174,3513
DA:176,3513
DA:180,3513
DA:182,3513
DA:185,3513
DA:186,7025
DA:189,7025
DA:192,7025
BRDA:192,9,0,1
DA:193,1
DA:197,7024
BRDA:197,10,0,2
DA:198,2
DA:202,7022
BRDA:202,11,0,2
DA:203,2
DA:206,7020
DA:209,3508
DA:215,3
FN:215,ISMVerificationLib.getThreshold
FNDA:3,ISMVerificationLib.getThreshold
DA:216,3
DA:217,3
DA:223,4
FN:223,ISMVerificationLib.getValidatorCount
FNDA:4,ISMVerificationLib.getValidatorCount
DA:224,4
DA:225,4
DA:232,11
FN:232,ISMVerificationLib.isValidator
FNDA:11,ISMVerificationLib.isValidator
DA:233,11
DA:234,11
DA:245,7025
FN:245,ISMVerificationLib.signatureSplit
FNDA:7025,ISMVerificationLib.signatureSplit
DA:251,7025
DA:252,7025
DA:253,7025
DA:254,7025
FNF:10
FNH:10
LF:62
LH:62
BRF:21
BRH:18
end_of_record
TN:
SF:src/libraries/MessageStorageLib.sol
DA:79,19193
FN:79,MessageStorageLib.getMessageStorageLibStorage
FNDA:19193,MessageStorageLib.getMessageStorageLibStorage
DA:81,19193
DA:93,30
FN:93,MessageStorageLib.generateProof
FNDA:30,MessageStorageLib.generateProof
DA:94,30
DA:96,30
BRDA:96,0,0,3
DA:97,3
DA:100,27
BRDA:100,1,0,1
DA:101,1
DA:105,26
DA:106,26
DA:109,26
DA:110,26
DA:112,26
DA:113,40
DA:115,40
DA:116,40
DA:118,18
BRDA:118,2,0,18
BRDA:118,2,1,22
DA:119,18
DA:120,18
DA:122,22
DA:123,22
DA:126,40
BRDA:126,3,0,-
DA:127,0
DA:130,40
DA:131,40
DA:135,26
DA:136,26
DA:138,26
DA:139,40
DA:142,26
DA:143,24
DA:146,26
DA:153,3543
FN:153,MessageStorageLib.sendMessage
FNDA:3543,MessageStorageLib.sendMessage
DA:154,3543
DA:156,3543
DA:157,3543
DA:158,3543
DA:161,3543
DA:164,3543
DA:176,3543
FN:176,MessageStorageLib._hashMessage
FNDA:3543,MessageStorageLib._hashMessage
DA:177,3543
DA:186,3543
FN:186,MessageStorageLib._appendLeafToMMR
FNDA:3543,MessageStorageLib._appendLeafToMMR
DA:187,3543
DA:190,3543
DA:193,3543
DA:196,3543
DA:199,3543
DA:200,3543
DA:201,3543
DA:208,3543
FN:208,MessageStorageLib._createParentNodes
FNDA:3543,MessageStorageLib._createParentNodes
DA:209,3543
DA:211,3543
DA:212,3543
DA:215,5618
DA:216,2075
DA:219,2075
DA:220,2075
DA:223,2075
DA:224,2075
DA:227,2075
DA:228,2075
DA:240,26
FN:240,MessageStorageLib._generateProofData
FNDA:26,MessageStorageLib._generateProofData
DA:246,26
DA:249,26
DA:259,26
FN:259,MessageStorageLib._findLeafMountain
FNDA:26,MessageStorageLib._findLeafMountain
DA:260,26
DA:262,26
DA:263,26
DA:264,26
DA:266,26
DA:267,32
DA:269,32
BRDA:269,4,0,32
DA:270,32
DA:272,32
BRDA:272,5,0,26
DA:274,26
DA:275,26
DA:276,26
DA:279,6
DA:280,6
DA:284,0
DA:292,26
FN:292,MessageStorageLib._collectOtherPeaks
FNDA:26,MessageStorageLib._collectOtherPeaks
DA:293,26
DA:295,26
DA:296,26
DA:297,26
DA:298,26
DA:299,26
DA:302,26
DA:303,72
DA:305,72
BRDA:305,6,0,50
DA:306,50
DA:307,50
DA:309,50
BRDA:309,7,0,24
DA:310,24
DA:311,24
DA:314,50
DA:315,50
DA:321,26
DA:324,26
DA:330,3543
FN:330,MessageStorageLib._calculateRoot
FNDA:3543,MessageStorageLib._calculateRoot
DA:331,3543
DA:333,3543
DA:335,3543
BRDA:335,8,0,-
DA:336,0
DA:339,3543
DA:341,3543
BRDA:341,9,0,-
DA:342,0
DA:346,3543
BRDA:346,10,0,1979
DA:347,1979
DA:350,1564
DA:358,1564
FN:358,MessageStorageLib._hashPeaksSequentially
FNDA:1564,MessageStorageLib._hashPeaksSequentially
DA:359,1564
DA:362,1564
DA:365,1564
DA:366,2084
DA:367,2084
DA:370,1564
DA:376,0
FN:376,MessageStorageLib._getPeakNodeIndices
FNDA:0,MessageStorageLib._getPeakNodeIndices
DA:377,0
DA:378,0
DA:386,3543
FN:386,MessageStorageLib._getPeakNodeIndicesForLeafCount
FNDA:3543,MessageStorageLib._getPeakNodeIndicesForLeafCount
DA:387,3543
BRDA:387,11,0,-
DA:388,0
DA:391,3543
DA:392,3543
DA:393,3543
DA:395,3543
DA:398,3543
DA:399,8640
DA:400,8640
BRDA:400,12,0,5627
DA:401,5627
DA:402,5627
DA:403,5627
DA:406,5627
DA:412,3543
DA:415,3543
DA:424,5618
FN:424,MessageStorageLib._shouldMergeAtHeight
FNDA:5618,MessageStorageLib._shouldMergeAtHeight
DA:425,5618
DA:434,2075
FN:434,MessageStorageLib._calculateLeftSiblingIndex
FNDA:2075,MessageStorageLib._calculateLeftSiblingIndex
DA:435,2075
DA:436,2075
DA:444,3595
FN:444,MessageStorageLib._calculateMaxPossibleHeight
FNDA:3595,MessageStorageLib._calculateMaxPossibleHeight
DA:445,3595
DA:447,3595
DA:448,3595
DA:449,12379
DA:450,8784
DA:451,8784
DA:453,3595
DA:462,8640
FN:462,MessageStorageLib._hasCompleteMountainAtHeight
FNDA:8640,MessageStorageLib._hasCompleteMountainAtHeight
DA:463,8640
DA:472,5627
FN:472,MessageStorageLib._calculatePeakIndex
FNDA:5627,MessageStorageLib._calculatePeakIndex
DA:473,5627
DA:474,5627
DA:482,11254
FN:482,MessageStorageLib._calculateMountainSize
FNDA:11254,MessageStorageLib._calculateMountainSize
DA:483,11254
DA:494,4159
FN:494,MessageStorageLib._hashInternalNode
FNDA:4159,MessageStorageLib._hashInternalNode
DA:495,4159
BRDA:495,14,0,1571
DA:496,1571
DA:498,2588
DA:506,26
FN:506,MessageStorageLib._popcount
FNDA:26,MessageStorageLib._popcount
DA:507,26
DA:508,47
DA:509,21
DA:510,21
DA:512,26
FNF:21
FNH:20
LF:166
LH:158
BRF:15
BRH:11
end_of_record
TN:
SF:src/libraries/SVMBridgeLib.sol
DA:33,288
FN:33,SVMBridgeLib.serializeCall
FNDA:288,SVMBridgeLib.serializeCall
DA:34,288
DA:44,20
FN:44,SVMBridgeLib.serializeTransfer
FNDA:20,SVMBridgeLib.serializeTransfer
DA:50,20
DA:52,20
BRDA:52,0,0,4
BRDA:52,0,1,13
DA:53,4
DA:60,16
BRDA:60,1,0,3
BRDA:60,1,1,13
DA:61,3
DA:69,13
BRDA:69,2,0,13
DA:70,13
DA:80,20
DA:82,20
FNF:2
FNH:2
LF:12
LH:12
BRF:5
BRH:5
end_of_record
TN:
SF:src/libraries/SVMLib.sol
DA:73,1000
FN:73,SVMLib.serializePubkeyAccount
FNDA:1000,SVMLib.serializePubkeyAccount
DA:78,1000
DA:79,1000
DA:80,1000
DA:81,1000
DA:83,1000
DA:93,1000
FN:93,SVMLib.serializePdaAccount
FNDA:1000,SVMLib.serializePdaAccount
DA:94,1000
DA:96,1000
DA:97,1000
DA:98,126754
DA:100,1000
DA:102,1000
DA:103,1000
DA:105,1000
DA:113,11306
FN:113,SVMLib.serializeIx
FNDA:11306,SVMLib.serializeIx
DA:114,11306
DA:117,11306
DA:118,11306
DA:119,1404596
DA:123,11306
DA:125,11306
DA:133,1324
FN:133,SVMLib.serializeIxs
FNDA:1324,SVMLib.serializeIxs
DA:134,1324
DA:135,1324
DA:136,5306
DA:139,1324
DA:147,282469
FN:147,SVMLib.toU32LittleEndian
FNDA:282469,SVMLib.toU32LittleEndian
DA:148,282469
DA:156,54
FN:156,SVMLib.toU64LittleEndian
FNDA:54,SVMLib.toU64LittleEndian
DA:157,54
DA:165,138060
FN:165,SVMLib._serializeBytes
FNDA:138060,SVMLib._serializeBytes
DA:166,138060
FNF:7
FNH:7
LF:33
LH:33
BRF:0
BRH:0
end_of_record
TN:
SF:src/libraries/TokenLib.sol
DA:104,41
FN:104,TokenLib.getTokenLibStorage
FNDA:41,TokenLib.getTokenLibStorage
DA:106,41
DA:119,10
FN:119,TokenLib.initializeTransfer
FNDA:10,TokenLib.initializeTransfer
DA:123,10
DA:124,10
DA:126,10
BRDA:126,0,0,2
BRDA:126,0,1,7
DA:128,2
DA:129,2
BRDA:129,1,0,-
BRDA:129,1,1,2
DA:131,2
DA:132,2
BRDA:132,2,0,1
BRDA:132,2,1,1
DA:134,1
DA:137,8
BRDA:137,3,0,1
BRDA:137,3,1,7
DA:139,7
BRDA:139,4,0,-
BRDA:139,4,1,7
DA:141,0
DA:142,0
BRDA:142,5,0,-
BRDA:142,5,1,-
DA:144,0
DA:145,0
DA:147,0
DA:150,7
DA:151,7
BRDA:151,6,0,-
BRDA:151,6,1,7
DA:153,7
DA:157,7
DA:158,7
DA:164,7
DA:165,7
DA:168,7
DA:169,7
DA:170,7
DA:171,7
BRDA:171,7,0,-
DA:172,0
DA:176,7
DA:178,7
DA:180,7
DA:184,8
DA:196,2
FN:196,TokenLib.finalizeTransfer
FNDA:2,TokenLib.finalizeTransfer
DA:197,2
DA:199,2
DA:200,2
DA:202,2
BRDA:202,8,0,-
BRDA:202,8,1,-
DA:204,0
DA:205,0
BRDA:205,9,0,-
BRDA:205,9,1,-
DA:206,0
DA:208,0
DA:210,2
BRDA:210,10,0,2
BRDA:210,10,1,-
DA:212,2
DA:213,2
BRDA:213,11,0,-
BRDA:213,11,1,2
DA:215,2
DA:216,2
DA:219,0
DA:220,0
BRDA:220,12,0,-
BRDA:220,12,1,-
DA:222,0
DA:223,0
DA:225,0
DA:229,2
DA:242,15
FN:242,TokenLib.registerRemoteToken
FNDA:15,TokenLib.registerRemoteToken
DA:243,15
DA:244,15
FNF:4
FNH:4
LF:57
LH:42
BRF:25
BRH:11
end_of_record
